\BOOKMARK [1][-]{section.1}{Abstract}{}% 1
\BOOKMARK [1][-]{section.2}{Einleitung}{}% 2
\BOOKMARK [1][-]{section.3}{Aufgabe 1}{}% 3
\BOOKMARK [2][-]{subsection.3.1}{Aufgabenbeschreibung}{section.3}% 4
\BOOKMARK [2][-]{subsection.3.2}{Recherche zu Temperatursensoren}{section.3}% 5
\BOOKMARK [3][-]{subsubsection.3.2.1}{Arten von temperaturabh\344ngigen Bauteilen}{subsection.3.2}% 6
\BOOKMARK [3][-]{subsubsection.3.2.2}{NTC}{subsection.3.2}% 7
\BOOKMARK [2][-]{subsection.3.3}{L\374fterschaltung}{section.3}% 8
\BOOKMARK [3][-]{subsubsection.3.3.1}{Dimensionierung der Messschaltung}{subsection.3.3}% 9
\BOOKMARK [3][-]{subsubsection.3.3.2}{Aufbau der Messschaltung}{subsection.3.3}% 10
\BOOKMARK [2][-]{subsection.3.4}{Zusammenfassung}{section.3}% 11
\BOOKMARK [1][-]{section.4}{Aufgabe 2}{}% 12
\BOOKMARK [2][-]{subsection.4.1}{Aufgabenbeschreibung}{section.4}% 13
\BOOKMARK [2][-]{subsection.4.2}{Recherche zu Lichtschranke}{section.4}% 14
\BOOKMARK [2][-]{subsection.4.3}{Geschwindigkeitsmessung}{section.4}% 15
\BOOKMARK [3][-]{subsubsection.4.3.1}{Problem}{subsection.4.3}% 16
\BOOKMARK [3][-]{subsubsection.4.3.2}{L\366sungsansatz}{subsection.4.3}% 17
\BOOKMARK [3][-]{subsubsection.4.3.3}{Verifikation}{subsection.4.3}% 18
\BOOKMARK [3][-]{subsubsection.4.3.4}{Auswertung}{subsection.4.3}% 19
\BOOKMARK [2][-]{subsection.4.4}{Zusammenfassung}{section.4}% 20
\BOOKMARK [1][-]{section.5}{Zusammenfassung}{}% 21
\BOOKMARK [2][-]{subsection.5.1}{Erster interessanter Punkt}{section.5}% 22
\BOOKMARK [2][-]{subsection.5.2}{Und noch ein wichtiger Aspekt}{section.5}% 23
\BOOKMARK [1][-]{section.6}{Anhang}{}% 24
